make all --print-data-base --no-builtin-variables --no-builtin-rules --question
make: *** No rule to make target 'EduOM_Test.o', needed by 'EduOM_Test'.  Stop.
 
# GNU Make 4.2.1
# Built for x86_64-pc-linux-gnu
# Copyright (C) 1988-2016 Free Software Foundation, Inc.
# License GPLv3+: GNU GPL version 3 or later <http://gnu.org/licenses/gpl.html>
# This is free software: you are free to change and redistribute it.
# There is NO WARRANTY, to the extent permitted by law.

# Make data base, printed on Sun Apr  3 21:59:43 2022

# Variables

# automatic
<D = $(patsubst %/,%,$(dir $<))
# automatic
?F = $(notdir $?)
# default
.SHELLFLAGS := -c
# environment
VSCODE_AGENT_FOLDER = /root/.vscode-server
# environment
VSCODE_LOG_NATIVE = false
# makefile (from 'Makefile', line 23)
INTERFACE = EduOM_CompactPage.o EduOM_CreateObject.o EduOM_DestroyObject.o EduOM_NextObject.o EduOM_PrevObject.o EduOM_ReadObject.o
# automatic
?D = $(patsubst %/,%,$(dir $?))
# automatic
@D = $(patsubst %/,%,$(dir $@))
# automatic
@F = $(notdir $@)
# makefile
CURDIR := /DBMS/DBMS-Project-3
# makefile
SHELL = /bin/sh
# makefile (from 'Makefile', line 7)
RM = /bin/rm
# environment
VSCODE_NLS_CONFIG = {"locale":"ko","availableLanguages":{"*":"ko"},"_languagePackId":"4806607ae385c7302d3b00110a6c1b28.ko","_translationsConfigFile":"/root/.vscode-server/data/clp/4806607ae385c7302d3b00110a6c1b28.ko/tcf.json","_cacheRoot":"/root/.vscode-server/data/clp/4806607ae385c7302d3b00110a6c1b28.ko","_resolvedLanguagePackCoreLocation":"/root/.vscode-server/data/clp/4806607ae385c7302d3b00110a6c1b28.ko/c722ca6c7eed3d7987c0d5c3df5c45f6b15e77d1","_corruptedFile":"/root/.vscode-server/data/clp/4806607ae385c7302d3b00110a6c1b28.ko/corrupted.info","_languagePackSupport":true}
# environment
_ = /usr/bin/cat
# makefile (from 'Makefile', line 17)
CFLAGS = -w -g -fsigned-char -fPIC -I$(INCLUDE)
# makefile (from 'Makefile', line 1)
MAKEFILE_LIST :=  Makefile
# 'override' directive
GNUMAKEFLAGS := 
# environment
VSCODE_VERBOSE_LOGGING = true
# environment
VSCODE_CWD = /root/.vscode-server/bin/c722ca6c7eed3d7987c0d5c3df5c45f6b15e77d1
# default
MAKE_HOST := x86_64-pc-linux-gnu
# environment
PATH = /root/.vscode-server/bin/c722ca6c7eed3d7987c0d5c3df5c45f6b15e77d1/bin/remote-cli:/usr/local/sbin:/usr/local/bin:/usr/sbin:/usr/bin:/sbin:/bin
# makefile (from 'Makefile', line 26)
TESTMODULE = EduOM_Test.o EduOM_TestModule.o
# environment
VSCODE_LOG_STACK = false
# environment
VSCODE_IPC_HOOK_CLI = /tmp/vscode-ipc-84e1eeea-c61f-487e-8966-156af3ae06a4.sock
# makefile (from 'Makefile', line 15)
LIB = -lm
# default
.FEATURES := target-specific order-only second-expansion else-if shortest-stem undefine oneshell archives jobserver output-sync check-symlink load
# environment
SSH_AUTH_SOCK = /tmp/vscode-ssh-auth-21c60d0f572f0e34b497ef72b0be53854c1034ed.sock
# automatic
%F = $(notdir $%)
# environment
VSCODE_PIPE_LOGGING = true
# environment
PWD = /DBMS/DBMS-Project-3
# default
.LOADED := 
# environment
VSCODE_AMD_ENTRYPOINT = vs/workbench/api/node/extensionHostProcess
# environment
HOME = /root
# environment
REMOTE_CONTAINERS = true
# environment
LOGNAME = root
# environment
APPLICATION_INSIGHTS_NO_DIAGNOSTIC_CHANNEL = 1
# automatic
+F = $(notdir $+)
# environment
VSCODE_HANDLES_UNCAUGHT_ERRORS = true
# automatic
^D = $(patsubst %/,%,$(dir $^))
# environment
HOSTNAME = bd4d44e29641
# environment
MAKELEVEL := 0
# default
MAKE = $(MAKE_COMMAND)
# default
MAKECMDGOALS := all
# environment
SHLVL = 1
# makefile (from 'Makefile', line 10)
CC = gcc
# makefile (from 'Makefile', line 20)
EXEC = EduOM_Test
# default
MAKE_VERSION := 4.2.1
# makefile
.DEFAULT_GOAL := all
# makefile (from 'Makefile', line 13)
INCLUDE = ./Header
# automatic
%D = $(patsubst %/,%,$(dir $%))
# environment
REMOTE_CONTAINERS_IPC = /tmp/vscode-remote-containers-ipc-21c60d0f572f0e34b497ef72b0be53854c1034ed.sock
# default
MAKE_COMMAND := make
# environment
OLDPWD = /root/.vscode-server/bin/c722ca6c7eed3d7987c0d5c3df5c45f6b15e77d1
# default
.VARIABLES := 
# automatic
*F = $(notdir $*)
# makefile
MAKEFLAGS = pqrR
# environment
MFLAGS = -pqrR
# automatic
*D = $(patsubst %/,%,$(dir $*))
# automatic
+D = $(patsubst %/,%,$(dir $+))
# environment
BROWSER = /root/.vscode-server/bin/c722ca6c7eed3d7987c0d5c3df5c45f6b15e77d1/bin/helpers/browser.sh
# default
MAKEFILES := 
# automatic
<F = $(notdir $<)
# environment
LC_ALL = C
# automatic
^F = $(notdir $^)
# default
SUFFIXES := 
# environment
REMOTE_CONTAINERS_SOCKETS = ["/tmp/vscode-ssh-auth-21c60d0f572f0e34b497ef72b0be53854c1034ed.sock"]
# default
.INCLUDE_DIRS = /usr/include /usr/local/include /usr/include
# default
.RECIPEPREFIX := 
# environment
LANG = C
# environment
VSCODE_EXTHOST_WILL_SEND_SOCKET = true
# variable set hash-table stats:
# Load=70/1024=7%, Rehash=0, Collisions=7/99=7%

# Pattern-specific Variable Values

# No pattern-specific variable values.

# Directories

# . (device 143, inode 3544664): 24 files, no impossibilities.

# 24 files, no impossibilities in 1 directories.

# Implicit Rules

# No implicit rules.

# Files

# Not a target:
EduOM_Test.o:
#  Implicit rule search has been done.
#  File does not exist.
#  File has not been updated.

EduOM_Test: EduOM_Test.o EduOM_TestModule.o EduOM.o
#  Implicit rule search has not been done.
#  File does not exist.
#  File has not been updated.
#  recipe to execute (from 'Makefile', line 29):
	$(CC) $(CFLAGS) -o $@ $^ $(LIB)

all: EduOM_Test
#  Command line target.
#  Implicit rule search has been done.
#  File does not exist.
#  File has not been updated.

# Not a target:
EduOM_CreateObject.o:
#  Implicit rule search has not been done.
#  Modification time never checked.
#  File has not been updated.

# Not a target:
EduOM_TestModule.o:
#  Implicit rule search has not been done.
#  Modification time never checked.
#  File has not been updated.

# Not a target:
Makefile:
#  Implicit rule search has been done.
#  Last modified 2022-03-25 07:19:48.418983113
#  File has been updated.
#  Successfully updated.

# Not a target:
EduOM_CompactPage.o:
#  Implicit rule search has not been done.
#  Modification time never checked.
#  File has not been updated.

EduOM.o: EduOM_CompactPage.o EduOM_CreateObject.o EduOM_DestroyObject.o EduOM_NextObject.o EduOM_PrevObject.o EduOM_ReadObject.o
#  Implicit rule search has not been done.
#  Modification time never checked.
#  File has not been updated.
#  recipe to execute (from 'Makefile', line 32):
	@echo ld -r ~~~ -o $@
	@ld -r $^ cosmos.o -o $@
	chmod -x $@

# Not a target:
EduOM_DestroyObject.o:
#  Implicit rule search has not been done.
#  Modification time never checked.
#  File has not been updated.

.KEEP_STATE:
#  Implicit rule search has not been done.
#  Modification time never checked.
#  File has not been updated.

# Not a target:
EduOM_PrevObject.o:
#  Implicit rule search has not been done.
#  Modification time never checked.
#  File has not been updated.

# Not a target:
.DEFAULT:
#  Implicit rule search has not been done.
#  Modification time never checked.
#  File has not been updated.

clean:
#  Implicit rule search has not been done.
#  Modification time never checked.
#  File has not been updated.
#  recipe to execute (from 'Makefile', line 37):
	$(RM) -f $(EXEC) $(INTERFACE) $(NONINTERFACE) $(TESTMODULE) EduOM.o

# Not a target:
EduOM_NextObject.o:
#  Implicit rule search has not been done.
#  Modification time never checked.
#  File has not been updated.

# Not a target:
EduOM_ReadObject.o:
#  Implicit rule search has not been done.
#  Modification time never checked.
#  File has not been updated.

# files hash-table stats:
# Load=16/1024=2%, Rehash=0, Collisions=1/39=3%
# VPATH Search Paths

# No 'vpath' search paths.

# No general ('VPATH' variable) search path.

# strcache buffers: 1 (0) / strings = 41 / storage = 540 B / avg = 13 B
# current buf: size = 8162 B / used = 540 B / count = 41 / avg = 13 B

# strcache performance: lookups = 53 / hit rate = 22%
# hash-table stats:
# Load=41/8192=1%, Rehash=0, Collisions=1/53=2%
# Finished Make data base on Sun Apr  3 21:59:43 2022

 
